<?xml version="1.0" encoding="utf-8"?><testsuites name="pytest tests"><testsuite name="pytest" errors="0" failures="0" skipped="0" tests="11" time="26.643" timestamp="2026-02-24T04:59:49.499567+00:00" hostname="agent-env-f53df0ac-9001-495b-a094-dcbf3546692c"><testcase classname="backend.tests.test_phase4_modes.TestLogin" name="test_login_demo_user" time="0.487" /><testcase classname="backend.tests.test_phase4_modes.TestAgentInsights" name="test_get_insights" time="0.500" /><testcase classname="backend.tests.test_phase4_modes.TestAgentDebug" name="test_get_debug_info" time="0.114" /><testcase classname="backend.tests.test_phase4_modes.TestMealAnalysis" name="test_analyze_meal_simple" time="3.001" /><testcase classname="backend.tests.test_phase4_modes.TestIntentClassification" name="test_classify_macros_message" time="0.121" /><testcase classname="backend.tests.test_phase4_modes.TestIntentClassification" name="test_classify_workout_message" time="0.107" /><testcase classname="backend.tests.test_phase4_modes.TestIntentClassification" name="test_classify_general_message" time="0.142" /><testcase classname="backend.tests.test_phase4_modes.TestChatModes" name="test_send_message_companion_mode" time="17.660" /><testcase classname="backend.tests.test_phase4_modes.TestChatModes" name="test_send_message_nutrition_mode" time="4.123" /><testcase classname="backend.tests.test_phase4_modes.TestAgentsEndpoint" name="test_get_agents_list" time="0.106" /><testcase classname="backend.tests.test_phase4_modes.TestDashboardWithInsights" name="test_dashboard_has_macros" time="0.156" /></testsuite></testsuites>